d936dedb022bc1daf0e63bdf590a711f|871408|Rexuiz-arm64.app/Contents/MacOS/libfreetype.dylib
f1c181da22df64126e60336a9439d8e9|7656384|Rexuiz-arm64.app/Contents/MacOS/rexuiz-dprm-sdl-bin
707db987b003de9093f663d539fc7e59|282|Rexuiz-arm64.app/Contents/MacOS/rexuiz-dprm-sdl
23b7d7d024abb0f558420e098800bf27|8|Rexuiz-arm64.app/Contents/PkgInfo
7c0732117b61fbbc1b39a4de585c3633|43220|Rexuiz-arm64.app/Contents/Resources/Rexuiz.icns
1c190d2de52dcbcdf64e9d3eb7ac68bb|554|Rexuiz-arm64.app/Contents/Resources/English.lproj/InfoPlist.strings
44e6f4ae6a123a70fe0651c7ecc201a5|620|Rexuiz-arm64.app/Contents/Info.plist
60277d73a62b1715d8df4e730ea2509f|916848|Rexuiz.app/Contents/MacOS/libfreetype.dylib
05fb7c7d97d1f9be8f09412542d5a0c6|9283088|Rexuiz.app/Contents/MacOS/rexuiz-dprm-sdl-bin
59687de67d639479044ab41db3bd7622|4130000|Rexuiz.app/Contents/MacOS/discord_game_sdk.dylib
5dbf44e930f6f03128b80aecfe1be818|217460|Rexuiz.app/Contents/MacOS/libvorbis.dylib
29795ea2572bf43b989c8395b4e65041|41308|Rexuiz.app/Contents/MacOS/libvorbisfile.dylib
cb95d0a029835aeea83554157b596c31|807712|Rexuiz.app/Contents/MacOS/libvorbisenc.dylib
f45e6adda9133ed465416cf545c6aad9|34208|Rexuiz.app/Contents/MacOS/libogg.dylib
41d4124fc751638c06bb4027d065aeb1|250564|Rexuiz.app/Contents/MacOS/libtheora.dylib
707db987b003de9093f663d539fc7e59|282|Rexuiz.app/Contents/MacOS/rexuiz-dprm-sdl
23b7d7d024abb0f558420e098800bf27|8|Rexuiz.app/Contents/PkgInfo
7c0732117b61fbbc1b39a4de585c3633|43220|Rexuiz.app/Contents/Resources/Rexuiz.icns
1c190d2de52dcbcdf64e9d3eb7ac68bb|554|Rexuiz.app/Contents/Resources/English.lproj/InfoPlist.strings
44e6f4ae6a123a70fe0651c7ecc201a5|620|Rexuiz.app/Contents/Info.plist
c9a59c298681d8d4982316dfbba12e1e|480945|bin32/libcurl-4.dll
955af9be4a97316d73afae1e7365e97e|3154744|bin32/discord_game_sdk.dll
bf6623130bf19dc1ebc9517ad55266fd|2719170|bin32/libfreetype-6.dll
4353e1b0e67ee8c9e3d7942ab688bdda|509599|bin64/libcurl-4.dll
d8cc567718550ae35c1566c3315b90df|3891512|bin64/discord_game_sdk.dll
c5324b71e9b30507240be96a0d03ef41|3377903|bin64/libfreetype-6.dll
3c68dbdc61e057b1051db7b34f96d18f|1139390|data/rexuiz-data.pk3
484874a1bc51bfc0473e736fb7e6ca8b|1312343|data/rexuiz-demos.pk3
b4230de603e7b27304c7c16ea652ae55|102225913|data/rexuiz-base-sounds.pk3
7e9d6e2c3d5b5e5c29a338a4756dc2a3|5063973|data/dlcache/zzz-rexdlc_brightskins.pk3
08772385623800fc13628f3e219bff3b|4200|data/dlcache/zzz-rexdlc_portalwithcamera.pk3
df03567a8822dc9eca77084fb8f07f16|936884|data/dlcache/zzz-rexdlc_nexball_pack.pk3
6debb424c681a01541b1290b9ccee964|1271028|data/dlcache/zzz-rexdlc_simpleitems-luma.pk3
f992327b897213110ff759a13184855b|238137|data/dlcache/zzz-rexdlc_ice.pk3
ea60fa802ad56196bf847c5f4246395b|293460|data/dlcache/zzz-rexdlc_bat.pk3
c72e6e06da86a2cc013a3df5bcb48e63|1567|data/dlcache/zzz-rexdlc_warpzone.pk3
945c842ce42f7c650d6f1449dc188460|16912900|data/dlcache/zzz-rexdlc_players_v3.pk3
d5d1595721868adef9af6d7425b946d6|187464|data/dlcache/zzz-rexdlc_supershotgun.pk3
ed88079d170852ed90ab7aab54a7ac1d|1421981|data/dlcache/zzz-rexdlc_menu_theme_luma_luminos.pk3
17539ec5e81c799fa33dd4ef2a48df68|40212|data/dlcache/zzz-rexdlc_pryaxe_balls.pk3
eb17fa810d70bbdd98bbaa1a8fb51973|14412594|data/dlcache/zzz-rexdlc_spdemo_v6.pk3
9c5460821e0d341aa537d4cdedbc8e87|2738829|data/dlcache/zzz-rexdlc_xonrl.pk3
cece37288ab2f6fbdd54ecbd19fb7e00|408476|data/dlcache/csprogs.dat.408476.61283
2105c3bd0ead50eab7685108282b54c8|229110|data/dlcache/zzz-rexdlc_n23electro.pk3
347ef6636d4fec57418302a364546efd|1747779|data/dlcache/zzz-rexdlc_survival_pack3.pk3
089bb1b1461061086497ef10b9285b85|2355241|data/dlcache/zzz-rexdlc_xonhagar.pk3
226720ac81128b3db755d30f716efb83|2089366|data/dlcache/zzz-rexdlc_xonnex.pk3
33fda392003cac46d3161ab8f62d06cd|105086|data/dlcache/zzz-rexdlc_n23gl.pk3
f7569039ba77700bc27142b8f4dd40e9|430414|data/dlcache/zzz-rexdlc_rspear.pk3
d3d542638326722d8a9fe4a7c8670425|2161666|data/dlcache/zzz-rexdlc_zapper_v2.pk3
6de16074f1dc6d480ce786752a77dea8|31717|data/dlcache/zzz-rexdlc_rm_arc.pk3
e8fbcb30d27d708b1a7ad00f7f1d77b2|75363|data/dlcache/zzz-rexdlc_n23rl.pk3
bc6f27bcaf970b32d6a9eaaf38f2513a|239204|data/dlcache/zzz-rexdlc_n11uzi.pk3
12aa054420305098d8379b4d5fb4f999|387343|data/dlcache/zzz-rexdlc_chainsaw_v2.pk3
a295d067677a1ccebf8b2739d80f7109|922117|data/dlcache/zzz-rexdlc_rextutor.pk3
e4a87fddd4d599dcf00a448a197fe346|7775466|data/dlcache/zzz-rexdlc_survival_pack.pk3
a86ac7baf7d9028975c4751f1db3a0d8|10683526|data/dlcache/zzz-rexdlc_newnex.pk3
5c2f43564cab02af3f106488c4cd7972|11216170|data/dlcache/zzz-rexdlc_survival_pack2.pk3
0de9075a0939591ed4e00a0c1e62c5cd|513548|data/dlcache/zzz-rexdlc_n23hagar.pk3
2e24818621b0029c26b497bed2bd4090|3581468|data/dlcache/zzz-rexdlc_base-fonts.pk3
2e9685a1b9a42ae134c7811ff5585bde|6982499|data/dlcache/zzz-rexdlc_monsters.pk3
3396a579eb227e7dca9112277e0ea278|2255|data/dlcache/zzz-rexdlc_icons.pk3
8a0e05441bb29edc4a40d4adfb5b5ce4|2961219|data/dlcache/zzz-rexdlc_datapatches.pk3
f6a169389b88ec3b36677a98c585a517|17962838|data/dlcache/zzz-rexdlc_classiccampaign-p1.pk3
ff5bd05b5bd4927223ce18a5f6ebc22e|1664570|data/dlcache/zzz-rexdlc_classiccampaign-p3.pk3
941ee55727b78783ab28299d5c47b739|4944293|data/dlcache/zzz-rexdlc_arachna.pk3
9ed117acebf29697d61315a1d5f0a3fc|348645|data/dlcache/zzz-rexdlc_chess.pk3
7db6bf8a6adfacaf8e6e9477220adff8|695804|data/dlcache/zzz-rexdlc_oqmodels.pk3
e649fdf6b2d7d7294c9e48449769c80b|1247478|data/dlcache/zzz-rexdlc_simpleitems.pk3
047094d2ea002090f1da616c7a89bc5f|81589|data/dlcache/zzz-rexdlc_rm_effects_v2.pk3
63e08a8e85b5e004be55bd453006c91f|2986235|data/dlcache/zzz-rexdlc_player-rexus.pk3
949916e7865bfe20e70b5a0f80c3e66b|2092512|data/dlcache/zzz-rexdlc_music_intro.pk3
1de31eee99cd88b00c38b5dd9d9121f9|2299078|data/dlcache/zzz-rexdlc_qanrl.pk3
4f74ce1bd98b4c164e6025813cf6dfab|794914|data/dlcache/zzz-rexdlc_shootingrange.pk3
b3a230534ac0ab85f75d1b77d77ff2c5|141344|data/dlcache/zzz-rexdlc_n23uzi.pk3
777805569cb8daccfb19a1675655726c|1815147|data/dlcache/zzz-rexdlc_xongl.pk3
6e382df86ab6376f117963232324e099|6294681|data/dlcache/zzz-rexdlc_map_pack.pk3
98d337e3bc6f8281b40ad15f8aabb76d|142131|data/dlcache/zzz-rexdlc_n25keys.pk3
67dbe1abecd9794e226725c965c4d13f|1935827|data/dlcache/zzz-rexdlc_menu_theme_rexuiz.pk3
928cdc46f9f32dba58b5427e1c054950|135717|data/dlcache/zzz-rexdlc_n23shotgun.pk3
269eb0ef1d05ea0fe4f1880d721e4f81|60601|data/dlcache/zzz-rexdlc_powerups.pk3
e47a3d5058215ba6f536b1ab27c20a8d|495862|data/dlcache/zzz-rexdlc_font-iceland.pk3
bb7d7a6251611f46693309d7bb163ca6|2121649|data/dlcache/zzz-rexdlc_xonlaser.pk3
2e2b30b58b304588c934bf5fa946a2ab|222184|data/dlcache/zzz-rexdlc_n11shotgun.pk3
0a60e93adb6c9a7f0381b5fbee5454e1|19786525|data/dlcache/zzz-rexdlc_classiccampaign-p2.pk3
793ae91802e3e37ebeca9082e8923535|35565434|data/dlcache/zzz-rexdlc_classiccampaign.pk3
aa989027c7dc1f2c33e35a706211996c|230634|data/dlcache/zzz-rexdlc_n11nex.pk3
da60160e9d20ee76cc5456e4ebae7766|70728058|data/rexuiz-base-textures.pk3
9f6a60a6d3ebc89734420631ada208bc|4771|data/server-example.cfg
08e85615417fa03999fd0864a70aaa6c|35628217|data/rexuiz-base-maps.pk3
3a3549730cc272c9cb65ba3dddefa3ff|63419947|data/rexuiz-base-models.pk3
d897d54b4faf1deb2e66366e393943a4|1583|data/rexuiz-warpzone.pk3
3f223b0f2cf3481d8641c9513411ddf6|1133615|data/rexuiz.pk3
701fbd19e1e21c7ed16813bd873ddd80|28724|data/common-spog.pk3
4ed9f4c17f396a22368e5d46d9fffd8f|55935664|data/rexuiz-base-textures-extra.pk3
5d6b5b65cc421db49b6a7979ff032a25|83389148|data/rexuiz-base-maps-lightmaps.pk3
023a7df699377db0436efd3347ca127b|14790813|data/rexuiz-base-gfx.pk3
393a5ca445f6965873eca0259a17f833|18009|gpl.txt
a61ea174db1c3fcf16c7255197cd230e|395648|linux-bins/i686/libcurl-fallback.so
fd4399c004a8a9de9101d88bb3d91451|2311568|linux-bins/i686/rexuiz-dedicated
6ae13a92489851b109edd9535b379199|8143788|linux-bins/i686/rexuiz-sdl
414d91829de4af480849de6cca91ecfe|2706670|linux-bins/i686/libfreetype-fallback.so
1131dfa5d40d9e247e3668029b8a0726|424232|linux-bins/aarch64/libcurl-fallback.so
251841c0a2c22fdc95dc4ba5bc8b3b18|2191104|linux-bins/aarch64/rexuiz-dedicated
1e65906da3ba188cf888efb2f525b7d1|9382480|linux-bins/aarch64/rexuiz-sdl
150af3b8ca882da85690cd6a7cb82934|4045568|linux-bins/aarch64/libfreetype-fallback.so
09f0a65ac172ad8f6a2fa2610720caa3|432221|linux-bins/x86_64/libcurl-fallback.so
75c6951fd0c07c18163c12c3974b067d|7122200|linux-bins/x86_64/discord_game_sdk.so
7bcc8e1ecc1cb55e2efc74c8242e0106|2264688|linux-bins/x86_64/rexuiz-dedicated
62c3e960e6e9e24787578b3c53f32071|9465368|linux-bins/x86_64/rexuiz-sdl
8f1d87eb234832a61cf5d28e903a14af|3349873|linux-bins/x86_64/libfreetype-fallback.so
4da7c866995fb334d93605d5304eb630|598|rexuiz-linux-sdl-aarch64
72e2ff5188856ecd6936e7da40b69a49|586|rexuiz-linux-sdl-i686
8fb7ed94c2e7a1802958842e9335c84d|594|rexuiz-linux-sdl-x86_64
9f0e31602a6cfaf721f47d88292531a3|7805952|rexuiz-sdl-i686.exe
a7516fce6f9a16b5de5f122d4d53116a|9411584|rexuiz-sdl-x86_64.exe
67e3b4fe41420a84b3ddd38d6b594adf|896|server/rexuiz-linux-dedicated-i686
cf40c15af71df9afad44ef6bffc348ee|914|server/rexuiz-linux-dedicated-aarch64
9c85f9a5dc8a7cc6cb8697e3fc53ad51|52|server/run_server_win64.cmd
7161a392b1203661951fa68fbece1bfb|50|server/run_server_win32.cmd
123603e0881567365d26ccf366b5a6bf|3840|server/update.sh
a3a49a3500e14feddf1ce3d03c82deac|908|server/rexuiz-linux-dedicated-x86_64
47162690b85502292aab082fb33f746d|36|sources/sources.txt
